Compiling the C compiler identification source file "CMakeCCompilerId.c" failed.
Compiler: /Applications/Xcode.app/Contents/Developer/Toolchains/XcodeDefault.xctoolchain/usr/bin/cc 
Build flags: 
Id flags:  

The output was:
1
ld: library not found for -lSystem
clang: error: linker command failed with exit code 1 (use -v to see invocation)


Compiling the CXX compiler identification source file "CMakeCXXCompilerId.cpp" failed.
Compiler: /Applications/Xcode.app/Contents/Developer/Toolchains/XcodeDefault.xctoolchain/usr/bin/c++ 
Build flags: 
Id flags:  

The output was:
1
ld: library not found for -lc++
clang: error: linker command failed with exit code 1 (use -v to see invocation)


Performing C++ SOURCE FILE Test COMPILER_HAS_WMISSING_OVERRIDE failed with the following output:
Change Dir: /Users/ishitagoluguri/Desktop/MIT/UROP 2022/semantic_slam/build/CMakeFiles/CMakeTmp

Run Build Command(s):/usr/bin/make -f Makefile cmTC_78c12/fast && /Applications/Xcode.app/Contents/Developer/usr/bin/make  -f CMakeFiles/cmTC_78c12.dir/build.make CMakeFiles/cmTC_78c12.dir/build
Building CXX object CMakeFiles/cmTC_78c12.dir/src.cxx.o
/Applications/Xcode.app/Contents/Developer/Toolchains/XcodeDefault.xctoolchain/usr/bin/c++ -DCOMPILER_HAS_WMISSING_OVERRIDE  -isysroot /Applications/Xcode.app/Contents/Developer/Platforms/MacOSX.platform/Developer/SDKs/MacOSX12.1.sdk -mmacosx-version-min=11.6   -Wmissing -MD -MT CMakeFiles/cmTC_78c12.dir/src.cxx.o -MF CMakeFiles/cmTC_78c12.dir/src.cxx.o.d -o CMakeFiles/cmTC_78c12.dir/src.cxx.o -c "/Users/ishitagoluguri/Desktop/MIT/UROP 2022/semantic_slam/build/CMakeFiles/CMakeTmp/src.cxx"
warning: unknown warning option '-Wmissing'; did you mean '-Wmain'? [-Wunknown-warning-option]
1 warning generated.
Linking CXX executable cmTC_78c12
/usr/local/Cellar/cmake/3.23.2/bin/cmake -E cmake_link_script CMakeFiles/cmTC_78c12.dir/link.txt --verbose=1
/Applications/Xcode.app/Contents/Developer/Toolchains/XcodeDefault.xctoolchain/usr/bin/c++  -isysroot /Applications/Xcode.app/Contents/Developer/Platforms/MacOSX.platform/Developer/SDKs/MacOSX12.1.sdk -mmacosx-version-min=11.6 -Wl,-search_paths_first -Wl,-headerpad_max_install_names CMakeFiles/cmTC_78c12.dir/src.cxx.o -o cmTC_78c12 


Source file was:
int main() { return 0; }
